INFO:root:_________________________iteration: 0_________________________
INFO:root:task 0 has infer has inferred difficulty score: 0.000000 and confidence 0.500000 and 0.500000
INFO:root:task 1 has infer has inferred difficulty score: 0.000000 and confidence 0.500000 and 0.500000
INFO:root:task 2 has infer has inferred difficulty score: 0.000000 and confidence 0.500000 and 0.500000
INFO:root:task 3 has infer has inferred difficulty score: 0.000000 and confidence 0.500000 and 0.500000
INFO:root:task 4 has infer has inferred difficulty score: 0.000000 and confidence 0.500000 and 0.500000
INFO:root:task 5 has infer has inferred difficulty score: 0.000000 and confidence 0.500000 and 0.500000
INFO:root:task 6 has infer has inferred difficulty score: 0.000000 and confidence 0.500000 and 0.500000
INFO:root:task 7 has infer has inferred difficulty score: 0.000000 and confidence 0.500000 and 0.500000
INFO:root:task 8 has infer has inferred difficulty score: 0.000000 and confidence 0.500000 and 0.500000
INFO:root:task 9 has infer has inferred difficulty score: 0.000000 and confidence 0.500000 and 0.500000
INFO:root:_________________________#completes: 0
INFO:root:process assign worker 10 task 0
INFO:root:process assign worker 18 task 0
INFO:root:process assign worker 24 task 1
INFO:root:_________________________iteration: 1_________________________
INFO:root:task 0 has infer has inferred difficulty score: 0.000000 and confidence 0.500000 and 0.500000
INFO:root:task 2 has infer has inferred difficulty score: 0.000000 and confidence 0.500000 and 0.500000
INFO:root:task 3 has infer has inferred difficulty score: 0.000000 and confidence 0.500000 and 0.500000
INFO:root:task 4 has infer has inferred difficulty score: 0.000000 and confidence 0.500000 and 0.500000
INFO:root:task 5 has infer has inferred difficulty score: 0.000000 and confidence 0.500000 and 0.500000
INFO:root:task 6 has infer has inferred difficulty score: 0.000000 and confidence 0.500000 and 0.500000
INFO:root:task 7 has infer has inferred difficulty score: 0.000000 and confidence 0.500000 and 0.500000
INFO:root:task 8 has infer has inferred difficulty score: 0.000000 and confidence 0.500000 and 0.500000
INFO:root:task 9 has infer has inferred difficulty score: 0.000000 and confidence 0.500000 and 0.500000
INFO:root:_________________________#completes: 1
INFO:root:process assign worker 2 task 0
INFO:root:process assign worker 9 task 0
INFO:root:process assign worker 10 task 2
INFO:root:process assign worker 18 task 2
INFO:root:process assign worker 24 task 3
INFO:root:process assign worker 25 task 3
INFO:root:_________________________iteration: 2_________________________
INFO:root:task 0 has infer has inferred difficulty score: 0.000000 and confidence 0.500000 and 0.500000
INFO:root:task 4 has infer has inferred difficulty score: 0.000000 and confidence 0.500000 and 0.500000
INFO:root:task 5 has infer has inferred difficulty score: 0.000000 and confidence 0.500000 and 0.500000
INFO:root:task 6 has infer has inferred difficulty score: 0.000000 and confidence 0.500000 and 0.500000
INFO:root:task 7 has infer has inferred difficulty score: 0.000000 and confidence 0.500000 and 0.500000
INFO:root:task 8 has infer has inferred difficulty score: 0.000000 and confidence 0.500000 and 0.500000
INFO:root:task 9 has infer has inferred difficulty score: 0.000000 and confidence 0.500000 and 0.500000
INFO:root:_________________________#completes: 3
INFO:root:process assign worker 2 task 4
INFO:root:process assign worker 8 task 4
INFO:root:process assign worker 9 task 5
INFO:root:process assign worker 10 task 5
INFO:root:process assign worker 18 task 6
INFO:root:process assign worker 19 task 6
INFO:root:process assign worker 24 task 0
INFO:root:process assign worker 25 task 0
INFO:root:process assign worker 30 task 7
INFO:root:process assign worker 35 task 7
INFO:root:_________________________iteration: 3_________________________
INFO:root:task 7 has infer has inferred difficulty score: 0.000000 and confidence 0.500000 and 0.500000
INFO:root:task 8 has infer has inferred difficulty score: 0.000000 and confidence 0.500000 and 0.500000
INFO:root:task 9 has infer has inferred difficulty score: 0.000000 and confidence 0.500000 and 0.500000
INFO:root:_________________________#completes: 7
INFO:root:process assign worker 2 task 7
INFO:root:process assign worker 4 task 7
INFO:root:process assign worker 8 task 8
INFO:root:process assign worker 9 task 8
INFO:root:process assign worker 10 task 9
INFO:root:process assign worker 15 task 9
INFO:root:_________________________iteration: 4_________________________
INFO:root:task 8 has infer has inferred difficulty score: 0.091349 and confidence 0.545674 and 0.454326
INFO:root:task 9 has infer has inferred difficulty score: 0.101517 and confidence 0.449241 and 0.550759
INFO:root:_________________________#completes: 8
INFO:root:process assign worker 30 task 9
INFO:root:process assign worker 4 task 8
INFO:root:process assign worker 15 task 8
INFO:root:_________________________iteration: 5_________________________
INFO:root:_________________________#completes: 10
INFO:root:________________________________result________________________________
INFO:root:firstfit: 
INFO:root: accuracy: 20.000000
INFO:root: time: 6.000000
INFO:root:________________________________result________________________________
