INFO:root:process assign worker 0 task 0
INFO:root:process assign worker 1 task 0
INFO:root:process assign worker 2 task 0
INFO:root:process assign worker 3 task 1
INFO:root:process assign worker 4 task 1
INFO:root:process assign worker 5 task 1
INFO:root:process assign worker 6 task 2
INFO:root:process assign worker 7 task 2
INFO:root:process assign worker 8 task 2
INFO:root:process assign worker 9 task 3
INFO:root:process assign worker 10 task 3
INFO:root:process assign worker 11 task 3
INFO:root:process assign worker 12 task 4
INFO:root:process assign worker 13 task 4
INFO:root:process assign worker 14 task 4
INFO:root:process assign worker 15 task 5
INFO:root:process assign worker 16 task 5
INFO:root:process assign worker 17 task 5
INFO:root:process assign worker 18 task 6
INFO:root:process assign worker 19 task 6
INFO:root:process assign worker 20 task 6
INFO:root:process assign worker 21 task 7
INFO:root:process assign worker 22 task 7
INFO:root:process assign worker 23 task 7
INFO:root:process assign worker 24 task 8
INFO:root:process assign worker 25 task 8
INFO:root:process assign worker 26 task 8
INFO:root:process assign worker 27 task 9
INFO:root:process assign worker 28 task 9
INFO:root:process assign worker 29 task 9
INFO:root:process assign worker 30 task 10
INFO:root:process assign worker 31 task 10
INFO:root:process assign worker 32 task 10
INFO:root:process assign worker 33 task 11
INFO:root:process assign worker 34 task 11
INFO:root:process assign worker 35 task 11
INFO:root:process assign worker 36 task 12
INFO:root:process assign worker 37 task 12
INFO:root:_________________________iteration: 1_________________________
INFO:root:task 0 has infer has inferred difficulty score: 0.983865 and confidence 0.991932 and 0.008068
INFO:root:task 1 has infer has inferred difficulty score: 0.983865 and confidence 0.008068 and 0.991932
INFO:root:task 2 has infer has inferred difficulty score: 0.983865 and confidence 0.991932 and 0.008068
INFO:root:task 3 has infer has inferred difficulty score: 1.000000 and confidence 1.000000 and 0.000000
INFO:root:task 4 has infer has inferred difficulty score: 1.000000 and confidence 1.000000 and 0.000000
INFO:root:task 5 has infer has inferred difficulty score: 1.000000 and confidence 1.000000 and 0.000000
INFO:root:task 6 has infer has inferred difficulty score: 0.983865 and confidence 0.991932 and 0.008068
INFO:root:task 7 has infer has inferred difficulty score: 0.983865 and confidence 0.991932 and 0.008068
INFO:root:task 8 has infer has inferred difficulty score: 0.983865 and confidence 0.991932 and 0.008068
INFO:root:task 9 has infer has inferred difficulty score: 0.983865 and confidence 0.991932 and 0.008068
INFO:root:task 10 has infer has inferred difficulty score: 1.000000 and confidence 1.000000 and 0.000000
INFO:root:task 11 has infer has inferred difficulty score: 1.000000 and confidence 0.000000 and 1.000000
INFO:root:task 12 has infer has inferred difficulty score: 0.998946 and confidence 0.999473 and 0.000527
INFO:root:task 13 has infer has inferred difficulty score: 0.000000 and confidence 0.500000 and 0.500000
INFO:root:task 14 has infer has inferred difficulty score: 0.000000 and confidence 0.500000 and 0.500000
INFO:root:task 15 has infer has inferred difficulty score: 0.000000 and confidence 0.500000 and 0.500000
INFO:root:task 16 has infer has inferred difficulty score: 0.000000 and confidence 0.500000 and 0.500000
INFO:root:task 17 has infer has inferred difficulty score: 0.000000 and confidence 0.500000 and 0.500000
INFO:root:task 18 has infer has inferred difficulty score: 0.000000 and confidence 0.500000 and 0.500000
INFO:root:task 19 has infer has inferred difficulty score: 0.000000 and confidence 0.500000 and 0.500000
INFO:root:_________________________#total completes: 13
INFO:root:process assign worker 9 task 13
INFO:root:process assign worker 0 task 14
INFO:root:process assign worker 1 task 15
INFO:root:process assign worker 2 task 16
INFO:root:process assign worker 3 task 17
INFO:root:process assign worker 4 task 18
INFO:root:process assign worker 5 task 15
INFO:root:process assign worker 6 task 19
INFO:root:process assign worker 38 task 13
INFO:root:_________________________iteration: 2_________________________
INFO:root:task 0 has infer has inferred difficulty score: 0.537382 and confidence 0.768691 and 0.231309
INFO:root:task 1 has infer has inferred difficulty score: 0.537382 and confidence 0.231309 and 0.768691
INFO:root:task 2 has infer has inferred difficulty score: 0.875012 and confidence 0.937506 and 0.062494
INFO:root:task 3 has infer has inferred difficulty score: 1.000000 and confidence 1.000000 and 0.000000
INFO:root:task 4 has infer has inferred difficulty score: 1.000000 and confidence 1.000000 and 0.000000
INFO:root:task 5 has infer has inferred difficulty score: 1.000000 and confidence 1.000000 and 0.000000
INFO:root:task 6 has infer has inferred difficulty score: 0.983865 and confidence 0.991932 and 0.008068
INFO:root:task 7 has infer has inferred difficulty score: 0.983865 and confidence 0.991932 and 0.008068
INFO:root:task 8 has infer has inferred difficulty score: 0.983865 and confidence 0.991932 and 0.008068
INFO:root:task 9 has infer has inferred difficulty score: 0.983865 and confidence 0.991932 and 0.008068
INFO:root:task 10 has infer has inferred difficulty score: 1.000000 and confidence 1.000000 and 0.000000
INFO:root:task 11 has infer has inferred difficulty score: 1.000000 and confidence 0.000000 and 1.000000
INFO:root:task 12 has infer has inferred difficulty score: 0.998946 and confidence 0.999473 and 0.000527
INFO:root:task 13 has infer has inferred difficulty score: 0.999988 and confidence 0.999994 and 0.000006
INFO:root:task 14 has infer has inferred difficulty score: 0.441531 and confidence 0.720766 and 0.279234
INFO:root:task 15 has infer has inferred difficulty score: 0.426709 and confidence 0.713355 and 0.286645
INFO:root:task 16 has infer has inferred difficulty score: 0.441531 and confidence 0.720766 and 0.279234
INFO:root:task 17 has infer has inferred difficulty score: 0.441531 and confidence 0.720766 and 0.279234
INFO:root:task 18 has infer has inferred difficulty score: 0.441531 and confidence 0.720766 and 0.279234
INFO:root:task 19 has infer has inferred difficulty score: 0.566249 and confidence 0.216875 and 0.783125
INFO:root:_________________________#total completes: 20
INFO:root:firstfit: 
INFO:root: accuracy: 95.000000
INFO:root: time: 3.000000
